<?xml version="1.0" encoding="UTF-8"?>
<!-- Generated by org.testng.reporters.JUnitReportReporter -->
<testsuite skipped="0" hostname="ip-172-31-28-62" name="testcases.SampleTest" tests="1" failures="0" timestamp="16 Apr 2022 08:19:19 GMT" time="0.003" errors="0">
  <testcase name="test1" time="0.003" classname="testcases.SampleTest"/>
</testsuite> <!-- testcases.SampleTest -->
