<?xml version="1.0" encoding="UTF-8"?>
<!-- Generated by org.testng.reporters.JUnitReportReporter -->
<testsuite skipped="0" hostname="ip-172-31-28-62" name="testcases.SampleTest" tests="1" failures="0" timestamp="2022-04-15T21:07:44 UTC" time="0.015" errors="0">
  <testcase name="test1" time="0.015" classname="testcases.SampleTest"/>
  <system-out/>
</testsuite> <!-- testcases.SampleTest -->
